{"C:\\Users\\java2\\Desktop\\U\\PROYECTOS JOSE\\AGRO-CONTROL\\desarrollo\\backend\\src\\config\\db.js": {"path":"C:\\Users\\java2\\Desktop\\U\\PROYECTOS JOSE\\AGRO-CONTROL\\desarrollo\\backend\\src\\config\\db.js","statementMap":{"0":{"start":{"line":2,"column":0},"end":{"line":2,"column":null}},"1":{"start":{"line":3,"column":0},"end":{"line":3,"column":null}},"2":{"start":{"line":4,"column":16},"end":{"line":4,"column":null}},"3":{"start":{"line":5,"column":13},"end":{"line":5,"column":null}},"4":{"start":{"line":7,"column":17},"end":{"line":7,"column":null}},"5":{"start":{"line":8,"column":13},"end":{"line":8,"column":null}},"6":{"start":{"line":10,"column":0},"end":{"line":10,"column":null}},"7":{"start":{"line":12,"column":13},"end":{"line":18,"column":null}},"8":{"start":{"line":21,"column":0},"end":{"line":23,"column":null}},"9":{"start":{"line":22,"column":4},"end":{"line":22,"column":null}},"10":{"start":{"line":25,"column":0},"end":{"line":27,"column":null}},"11":{"start":{"line":26,"column":4},"end":{"line":26,"column":null}},"12":{"start":{"line":29,"column":0},"end":{"line":31,"column":null}},"13":{"start":{"line":30,"column":29},"end":{"line":30,"column":null}}},"fnMap":{"0":{"name":"(anonymous_0)","decl":{"start":{"line":25,"column":19},"end":{"line":25,"column":null}},"loc":{"start":{"line":25,"column":19},"end":{"line":27,"column":null}}},"1":{"name":"(anonymous_1)","decl":{"start":{"line":30,"column":11},"end":{"line":30,"column":12}},"loc":{"start":{"line":30,"column":29},"end":{"line":30,"column":null}}}},"branchMap":{"0":{"loc":{"start":{"line":3,"column":47},"end":{"line":3,"column":null}},"type":"cond-expr","locations":[{"start":{"line":3,"column":73},"end":{"line":3,"column":85}},{"start":{"line":3,"column":85},"end":{"line":3,"column":null}}]},"1":{"loc":{"start":{"line":16,"column":21},"end":{"line":16,"column":null}},"type":"binary-expr","locations":[{"start":{"line":16,"column":21},"end":{"line":16,"column":44}},{"start":{"line":16,"column":48},"end":{"line":16,"column":null}}]},"2":{"loc":{"start":{"line":21,"column":0},"end":{"line":23,"column":null}},"type":"if","locations":[{"start":{"line":21,"column":0},"end":{"line":23,"column":null}},{"start":{},"end":{}}]}},"s":{"0":0,"1":0,"2":0,"3":0,"4":0,"5":0,"6":0,"7":0,"8":0,"9":0,"10":0,"11":0,"12":0,"13":0},"f":{"0":0,"1":0},"b":{"0":[0,0],"1":[0,0],"2":[0,0]}}
,"C:\\Users\\java2\\Desktop\\U\\PROYECTOS JOSE\\AGRO-CONTROL\\desarrollo\\backend\\src\\controllers\\authController.js": {"path":"C:\\Users\\java2\\Desktop\\U\\PROYECTOS JOSE\\AGRO-CONTROL\\desarrollo\\backend\\src\\controllers\\authController.js","statementMap":{"0":{"start":{"line":1,"column":11},"end":{"line":1,"column":null}},"1":{"start":{"line":2,"column":15},"end":{"line":2,"column":null}},"2":{"start":{"line":3,"column":12},"end":{"line":3,"column":null}},"3":{"start":{"line":5,"column":23},"end":{"line":95,"column":null}},"4":{"start":{"line":7,"column":76},"end":{"line":7,"column":84}},"5":{"start":{"line":10,"column":30},"end":{"line":10,"column":null}},"6":{"start":{"line":12,"column":8},"end":{"line":16,"column":null}},"7":{"start":{"line":13,"column":12},"end":{"line":15,"column":null}},"8":{"start":{"line":18,"column":8},"end":{"line":51,"column":null}},"9":{"start":{"line":20,"column":37},"end":{"line":22,"column":null}},"10":{"start":{"line":25,"column":12},"end":{"line":29,"column":null}},"11":{"start":{"line":26,"column":16},"end":{"line":28,"column":null}},"12":{"start":{"line":32,"column":25},"end":{"line":32,"column":null}},"13":{"start":{"line":33,"column":33},"end":{"line":33,"column":null}},"14":{"start":{"line":36,"column":26},"end":{"line":39,"column":13}},"15":{"start":{"line":40,"column":27},"end":{"line":40,"column":null}},"16":{"start":{"line":42,"column":30},"end":{"line":42,"column":null}},"17":{"start":{"line":44,"column":12},"end":{"line":47,"column":null}},"18":{"start":{"line":49,"column":12},"end":{"line":49,"column":null}},"19":{"start":{"line":50,"column":12},"end":{"line":50,"column":null}},"20":{"start":{"line":54,"column":36},"end":{"line":54,"column":44}},"21":{"start":{"line":56,"column":8},"end":{"line":93,"column":null}},"22":{"start":{"line":58,"column":27},"end":{"line":58,"column":null}},"23":{"start":{"line":60,"column":12},"end":{"line":62,"column":null}},"24":{"start":{"line":61,"column":16},"end":{"line":61,"column":null}},"25":{"start":{"line":64,"column":28},"end":{"line":64,"column":42}},"26":{"start":{"line":67,"column":34},"end":{"line":67,"column":null}},"27":{"start":{"line":69,"column":12},"end":{"line":71,"column":null}},"28":{"start":{"line":70,"column":16},"end":{"line":70,"column":null}},"29":{"start":{"line":81,"column":12},"end":{"line":88,"column":null}},"30":{"start":{"line":91,"column":12},"end":{"line":91,"column":null}},"31":{"start":{"line":92,"column":12},"end":{"line":92,"column":null}},"32":{"start":{"line":97,"column":0},"end":{"line":97,"column":null}}},"fnMap":{"0":{"name":"(anonymous_0)","decl":{"start":{"line":6,"column":22},"end":{"line":6,"column":29}},"loc":{"start":{"line":6,"column":34},"end":{"line":52,"column":null}}},"1":{"name":"(anonymous_1)","decl":{"start":{"line":53,"column":11},"end":{"line":53,"column":18}},"loc":{"start":{"line":53,"column":23},"end":{"line":94,"column":null}}}},"branchMap":{"0":{"loc":{"start":{"line":12,"column":8},"end":{"line":16,"column":null}},"type":"if","locations":[{"start":{"line":12,"column":8},"end":{"line":16,"column":null}},{"start":{},"end":{}}]},"1":{"loc":{"start":{"line":25,"column":12},"end":{"line":29,"column":null}},"type":"if","locations":[{"start":{"line":25,"column":12},"end":{"line":29,"column":null}},{"start":{},"end":{}}]},"2":{"loc":{"start":{"line":60,"column":12},"end":{"line":62,"column":null}},"type":"if","locations":[{"start":{"line":60,"column":12},"end":{"line":62,"column":null}},{"start":{},"end":{}}]},"3":{"loc":{"start":{"line":69,"column":12},"end":{"line":71,"column":null}},"type":"if","locations":[{"start":{"line":69,"column":12},"end":{"line":71,"column":null}},{"start":{},"end":{}}]}},"s":{"0":0,"1":0,"2":0,"3":0,"4":0,"5":0,"6":0,"7":0,"8":0,"9":0,"10":0,"11":0,"12":0,"13":0,"14":0,"15":0,"16":0,"17":0,"18":0,"19":0,"20":0,"21":0,"22":0,"23":0,"24":0,"25":0,"26":0,"27":0,"28":0,"29":0,"30":0,"31":0,"32":0},"f":{"0":0,"1":0},"b":{"0":[0,0],"1":[0,0],"2":[0,0],"3":[0,0]}}
,"C:\\Users\\java2\\Desktop\\U\\PROYECTOS JOSE\\AGRO-CONTROL\\desarrollo\\backend\\src\\controllers\\parcelasController.js": {"path":"C:\\Users\\java2\\Desktop\\U\\PROYECTOS JOSE\\AGRO-CONTROL\\desarrollo\\backend\\src\\controllers\\parcelasController.js","statementMap":{"0":{"start":{"line":1,"column":11},"end":{"line":1,"column":null}},"1":{"start":{"line":6,"column":21},"end":{"line":53,"column":null}},"2":{"start":{"line":7,"column":4},"end":{"line":52,"column":null}},"3":{"start":{"line":8,"column":101},"end":{"line":8,"column":109}},"4":{"start":{"line":11,"column":8},"end":{"line":16,"column":null}},"5":{"start":{"line":12,"column":12},"end":{"line":15,"column":null}},"6":{"start":{"line":19,"column":26},"end":{"line":23,"column":9}},"7":{"start":{"line":26,"column":29},"end":{"line":26,"column":null}},"8":{"start":{"line":28,"column":23},"end":{"line":35,"column":null}},"9":{"start":{"line":37,"column":23},"end":{"line":37,"column":null}},"10":{"start":{"line":40,"column":8},"end":{"line":44,"column":null}},"11":{"start":{"line":47,"column":8},"end":{"line":47,"column":null}},"12":{"start":{"line":48,"column":8},"end":{"line":51,"column":null}},"13":{"start":{"line":54,"column":24},"end":{"line":85,"column":null}},"14":{"start":{"line":55,"column":4},"end":{"line":84,"column":null}},"15":{"start":{"line":57,"column":27},"end":{"line":57,"column":41}},"16":{"start":{"line":59,"column":26},"end":{"line":69,"column":9}},"17":{"start":{"line":71,"column":23},"end":{"line":71,"column":null}},"18":{"start":{"line":73,"column":8},"end":{"line":76,"column":null}},"19":{"start":{"line":79,"column":8},"end":{"line":79,"column":null}},"20":{"start":{"line":80,"column":8},"end":{"line":83,"column":null}},"21":{"start":{"line":86,"column":26},"end":{"line":118,"column":null}},"22":{"start":{"line":87,"column":4},"end":{"line":117,"column":null}},"23":{"start":{"line":88,"column":27},"end":{"line":88,"column":40}},"24":{"start":{"line":89,"column":27},"end":{"line":89,"column":41}},"25":{"start":{"line":90,"column":35},"end":{"line":90,"column":43}},"26":{"start":{"line":94,"column":30},"end":{"line":94,"column":33}},"27":{"start":{"line":95,"column":8},"end":{"line":95,"column":null}},"28":{"start":{"line":95,"column":33},"end":{"line":95,"column":null}},"29":{"start":{"line":96,"column":8},"end":{"line":96,"column":null}},"30":{"start":{"line":96,"column":33},"end":{"line":96,"column":null}},"31":{"start":{"line":97,"column":8},"end":{"line":97,"column":null}},"32":{"start":{"line":97,"column":34},"end":{"line":97,"column":null}},"33":{"start":{"line":99,"column":26},"end":{"line":104,"column":9}},"34":{"start":{"line":106,"column":23},"end":{"line":106,"column":null}},"35":{"start":{"line":108,"column":8},"end":{"line":110,"column":null}},"36":{"start":{"line":109,"column":12},"end":{"line":109,"column":null}},"37":{"start":{"line":112,"column":8},"end":{"line":112,"column":null}},"38":{"start":{"line":115,"column":8},"end":{"line":115,"column":null}},"39":{"start":{"line":116,"column":8},"end":{"line":116,"column":null}},"40":{"start":{"line":123,"column":24},"end":{"line":146,"column":null}},"41":{"start":{"line":124,"column":4},"end":{"line":145,"column":null}},"42":{"start":{"line":125,"column":27},"end":{"line":125,"column":40}},"43":{"start":{"line":126,"column":27},"end":{"line":126,"column":41}},"44":{"start":{"line":128,"column":26},"end":{"line":132,"column":9}},"45":{"start":{"line":134,"column":23},"end":{"line":134,"column":null}},"46":{"start":{"line":136,"column":8},"end":{"line":138,"column":null}},"47":{"start":{"line":137,"column":12},"end":{"line":137,"column":null}},"48":{"start":{"line":140,"column":8},"end":{"line":140,"column":null}},"49":{"start":{"line":143,"column":8},"end":{"line":143,"column":null}},"50":{"start":{"line":144,"column":8},"end":{"line":144,"column":null}},"51":{"start":{"line":148,"column":0},"end":{"line":153,"column":null}}},"fnMap":{"0":{"name":"(anonymous_0)","decl":{"start":{"line":6,"column":21},"end":{"line":6,"column":28}},"loc":{"start":{"line":6,"column":33},"end":{"line":53,"column":null}}},"1":{"name":"(anonymous_1)","decl":{"start":{"line":54,"column":24},"end":{"line":54,"column":31}},"loc":{"start":{"line":54,"column":36},"end":{"line":85,"column":null}}},"2":{"name":"(anonymous_2)","decl":{"start":{"line":86,"column":26},"end":{"line":86,"column":33}},"loc":{"start":{"line":86,"column":38},"end":{"line":118,"column":null}}},"3":{"name":"(anonymous_3)","decl":{"start":{"line":123,"column":24},"end":{"line":123,"column":31}},"loc":{"start":{"line":123,"column":36},"end":{"line":146,"column":null}}}},"branchMap":{"0":{"loc":{"start":{"line":11,"column":8},"end":{"line":16,"column":null}},"type":"if","locations":[{"start":{"line":11,"column":8},"end":{"line":16,"column":null}},{"start":{},"end":{}}]},"1":{"loc":{"start":{"line":95,"column":8},"end":{"line":95,"column":null}},"type":"if","locations":[{"start":{"line":95,"column":8},"end":{"line":95,"column":null}},{"start":{},"end":{}}]},"2":{"loc":{"start":{"line":96,"column":8},"end":{"line":96,"column":null}},"type":"if","locations":[{"start":{"line":96,"column":8},"end":{"line":96,"column":null}},{"start":{},"end":{}}]},"3":{"loc":{"start":{"line":97,"column":8},"end":{"line":97,"column":null}},"type":"if","locations":[{"start":{"line":97,"column":8},"end":{"line":97,"column":null}},{"start":{},"end":{}}]},"4":{"loc":{"start":{"line":108,"column":8},"end":{"line":110,"column":null}},"type":"if","locations":[{"start":{"line":108,"column":8},"end":{"line":110,"column":null}},{"start":{},"end":{}}]},"5":{"loc":{"start":{"line":136,"column":8},"end":{"line":138,"column":null}},"type":"if","locations":[{"start":{"line":136,"column":8},"end":{"line":138,"column":null}},{"start":{},"end":{}}]}},"s":{"0":0,"1":0,"2":0,"3":0,"4":0,"5":0,"6":0,"7":0,"8":0,"9":0,"10":0,"11":0,"12":0,"13":0,"14":0,"15":0,"16":0,"17":0,"18":0,"19":0,"20":0,"21":0,"22":0,"23":0,"24":0,"25":0,"26":0,"27":0,"28":0,"29":0,"30":0,"31":0,"32":0,"33":0,"34":0,"35":0,"36":0,"37":0,"38":0,"39":0,"40":0,"41":0,"42":0,"43":0,"44":0,"45":0,"46":0,"47":0,"48":0,"49":0,"50":0,"51":0},"f":{"0":0,"1":0,"2":0,"3":0},"b":{"0":[0,0],"1":[0,0],"2":[0,0],"3":[0,0],"4":[0,0],"5":[0,0]}}
,"C:\\Users\\java2\\Desktop\\U\\PROYECTOS JOSE\\AGRO-CONTROL\\desarrollo\\backend\\src\\middlewares\\authMiddlware.js": {"path":"C:\\Users\\java2\\Desktop\\U\\PROYECTOS JOSE\\AGRO-CONTROL\\desarrollo\\backend\\src\\middlewares\\authMiddlware.js","statementMap":{"0":{"start":{"line":1,"column":12},"end":{"line":1,"column":null}},"1":{"start":{"line":3,"column":23},"end":{"line":28,"column":null}},"2":{"start":{"line":4,"column":23},"end":{"line":4,"column":null}},"3":{"start":{"line":5,"column":18},"end":{"line":5,"column":56}},"4":{"start":{"line":6,"column":4},"end":{"line":6,"column":null}},"5":{"start":{"line":7,"column":4},"end":{"line":7,"column":null}},"6":{"start":{"line":8,"column":4},"end":{"line":12,"column":null}},"7":{"start":{"line":9,"column":8},"end":{"line":11,"column":null}},"8":{"start":{"line":13,"column":4},"end":{"line":27,"column":null}},"9":{"start":{"line":15,"column":27},"end":{"line":15,"column":null}},"10":{"start":{"line":19,"column":8},"end":{"line":19,"column":null}},"11":{"start":{"line":22,"column":8},"end":{"line":22,"column":null}},"12":{"start":{"line":24,"column":8},"end":{"line":26,"column":null}},"13":{"start":{"line":30,"column":0},"end":{"line":30,"column":null}}},"fnMap":{"0":{"name":"(anonymous_0)","decl":{"start":{"line":3,"column":23},"end":{"line":3,"column":24}},"loc":{"start":{"line":3,"column":34},"end":{"line":28,"column":null}}}},"branchMap":{"0":{"loc":{"start":{"line":5,"column":18},"end":{"line":5,"column":56}},"type":"binary-expr","locations":[{"start":{"line":5,"column":18},"end":{"line":5,"column":32}},{"start":{"line":5,"column":32},"end":{"line":5,"column":56}}]},"1":{"loc":{"start":{"line":8,"column":4},"end":{"line":12,"column":null}},"type":"if","locations":[{"start":{"line":8,"column":4},"end":{"line":12,"column":null}},{"start":{},"end":{}}]}},"s":{"0":0,"1":0,"2":0,"3":0,"4":0,"5":0,"6":0,"7":0,"8":0,"9":0,"10":0,"11":0,"12":0,"13":0},"f":{"0":0},"b":{"0":[0,0],"1":[0,0]}}
,"C:\\Users\\java2\\Desktop\\U\\PROYECTOS JOSE\\AGRO-CONTROL\\desarrollo\\backend\\src\\routes\\authRoutes.js": {"path":"C:\\Users\\java2\\Desktop\\U\\PROYECTOS JOSE\\AGRO-CONTROL\\desarrollo\\backend\\src\\routes\\authRoutes.js","statementMap":{"0":{"start":{"line":1,"column":16},"end":{"line":1,"column":null}},"1":{"start":{"line":2,"column":15},"end":{"line":2,"column":null}},"2":{"start":{"line":3,"column":23},"end":{"line":3,"column":null}},"3":{"start":{"line":6,"column":0},"end":{"line":6,"column":null}},"4":{"start":{"line":7,"column":0},"end":{"line":7,"column":null}},"5":{"start":{"line":8,"column":0},"end":{"line":8,"column":null}}},"fnMap":{},"branchMap":{},"s":{"0":0,"1":0,"2":0,"3":0,"4":0,"5":0},"f":{},"b":{}}
,"C:\\Users\\java2\\Desktop\\U\\PROYECTOS JOSE\\AGRO-CONTROL\\desarrollo\\backend\\src\\routes\\cultivosRoutes.js": {"path":"C:\\Users\\java2\\Desktop\\U\\PROYECTOS JOSE\\AGRO-CONTROL\\desarrollo\\backend\\src\\routes\\cultivosRoutes.js","statementMap":{"0":{"start":{"line":1,"column":16},"end":{"line":1,"column":null}},"1":{"start":{"line":2,"column":15},"end":{"line":2,"column":null}},"2":{"start":{"line":3,"column":13},"end":{"line":3,"column":null}},"3":{"start":{"line":4,"column":22},"end":{"line":4,"column":63}},"4":{"start":{"line":6,"column":0},"end":{"line":21,"column":null}},"5":{"start":{"line":7,"column":2},"end":{"line":20,"column":null}},"6":{"start":{"line":8,"column":22},"end":{"line":9,"column":null}},"7":{"start":{"line":13,"column":4},"end":{"line":16,"column":null}},"8":{"start":{"line":18,"column":4},"end":{"line":18,"column":null}},"9":{"start":{"line":19,"column":4},"end":{"line":19,"column":null}},"10":{"start":{"line":23,"column":0},"end":{"line":23,"column":null}}},"fnMap":{"0":{"name":"(anonymous_0)","decl":{"start":{"line":6,"column":39},"end":{"line":6,"column":46}},"loc":{"start":{"line":6,"column":51},"end":{"line":21,"column":null}}}},"branchMap":{},"s":{"0":0,"1":0,"2":0,"3":0,"4":0,"5":0,"6":0,"7":0,"8":0,"9":0,"10":0},"f":{"0":0},"b":{}}
,"C:\\Users\\java2\\Desktop\\U\\PROYECTOS JOSE\\AGRO-CONTROL\\desarrollo\\backend\\src\\routes\\parcelasRoutes.js": {"path":"C:\\Users\\java2\\Desktop\\U\\PROYECTOS JOSE\\AGRO-CONTROL\\desarrollo\\backend\\src\\routes\\parcelasRoutes.js","statementMap":{"0":{"start":{"line":1,"column":16},"end":{"line":1,"column":null}},"1":{"start":{"line":2,"column":15},"end":{"line":2,"column":null}},"2":{"start":{"line":3,"column":27},"end":{"line":3,"column":null}},"3":{"start":{"line":4,"column":22},"end":{"line":4,"column":null}},"4":{"start":{"line":6,"column":0},"end":{"line":6,"column":null}},"5":{"start":{"line":7,"column":0},"end":{"line":7,"column":null}},"6":{"start":{"line":8,"column":0},"end":{"line":8,"column":null}},"7":{"start":{"line":9,"column":0},"end":{"line":9,"column":null}},"8":{"start":{"line":11,"column":0},"end":{"line":11,"column":null}}},"fnMap":{},"branchMap":{},"s":{"0":0,"1":0,"2":0,"3":0,"4":0,"5":0,"6":0,"7":0,"8":0},"f":{},"b":{}}
,"C:\\Users\\java2\\Desktop\\U\\PROYECTOS JOSE\\AGRO-CONTROL\\desarrollo\\backend\\src\\utils\\validators.js": {"path":"C:\\Users\\java2\\Desktop\\U\\PROYECTOS JOSE\\AGRO-CONTROL\\desarrollo\\backend\\src\\utils\\validators.js","statementMap":{"0":{"start":{"line":7,"column":24},"end":{"line":7,"column":28}},"1":{"start":{"line":9,"column":2},"end":{"line":11,"column":null}},"2":{"start":{"line":10,"column":4},"end":{"line":10,"column":null}},"3":{"start":{"line":13,"column":2},"end":{"line":13,"column":null}},"4":{"start":{"line":16,"column":0},"end":{"line":16,"column":null}}},"fnMap":{"0":{"name":"validarLimiteHectareas","decl":{"start":{"line":6,"column":9},"end":{"line":6,"column":32}},"loc":{"start":{"line":6,"column":41},"end":{"line":14,"column":null}}}},"branchMap":{"0":{"loc":{"start":{"line":9,"column":2},"end":{"line":11,"column":null}},"type":"if","locations":[{"start":{"line":9,"column":2},"end":{"line":11,"column":null}},{"start":{},"end":{}}]},"1":{"loc":{"start":{"line":9,"column":6},"end":{"line":9,"column":55}},"type":"binary-expr","locations":[{"start":{"line":9,"column":6},"end":{"line":9,"column":39}},{"start":{"line":9,"column":39},"end":{"line":9,"column":55}}]}},"s":{"0":5,"1":5,"2":3,"3":2,"4":1},"f":{"0":5},"b":{"0":[3,2],"1":[5,4]}}
}
